Flow report for MasterMind_final
Tue May 26 09:45:22 2015
Quartus II 64-Bit Version 14.1.1 Build 190 01/19/2015 SJ Web Edition


---------------------
; Table of Contents ;
---------------------
  1. Legal Notice
  2. Flow Summary
  3. Flow Settings
  4. Flow Non-Default Global Settings
  5. Flow Elapsed Time
  6. Flow OS Summary
  7. Flow Log
  8. Flow Messages
  9. Flow Suppressed Messages



----------------
; Legal Notice ;
----------------
Copyright (C) 1991-2015 Altera Corporation. All rights reserved.
Your use of Altera Corporation's design tools, logic functions 
and other software and tools, and its AMPP partner logic 
functions, and any output files from any of the foregoing 
(including device programming or simulation files), and any 
associated documentation or information are expressly subject 
to the terms and conditions of the Altera Program License 
Subscription Agreement, the Altera Quartus II License Agreement,
the Altera MegaCore Function License Agreement, or other 
applicable license agreement, including, without limitation, 
that your use is for the sole purpose of programming logic 
devices manufactured by Altera and sold by Altera or its 
authorized distributors.  Please refer to the applicable 
agreement for further details.



+---------------------------------------------------------------------------------+
; Flow Summary                                                                    ;
+------------------------------------+--------------------------------------------+
; Flow Status                        ; Successful - Tue May 26 09:45:22 2015      ;
; Quartus II 64-Bit Version          ; 14.1.1 Build 190 01/19/2015 SJ Web Edition ;
; Revision Name                      ; MasterMind_final                           ;
; Top-level Entity Name              ; MasterMind                                 ;
; Family                             ; Cyclone IV E                               ;
; Device                             ; EP4CE115F29C7                              ;
; Timing Models                      ; Final                                      ;
; Total logic elements               ; 562 / 114,480 ( < 1 % )                    ;
;     Total combinational functions  ; 556 / 114,480 ( < 1 % )                    ;
;     Dedicated logic registers      ; 178 / 114,480 ( < 1 % )                    ;
; Total registers                    ; 178                                        ;
; Total pins                         ; 62 / 529 ( 12 % )                          ;
; Total virtual pins                 ; 0                                          ;
; Total memory bits                  ; 0 / 3,981,312 ( 0 % )                      ;
; Embedded Multiplier 9-bit elements ; 0 / 532 ( 0 % )                            ;
; Total PLLs                         ; 0 / 4 ( 0 % )                              ;
+------------------------------------+--------------------------------------------+


+-----------------------------------------+
; Flow Settings                           ;
+-------------------+---------------------+
; Option            ; Setting             ;
+-------------------+---------------------+
; Start date & time ; 05/26/2015 09:43:55 ;
; Main task         ; Compilation         ;
; Revision Name     ; MasterMind_final    ;
+-------------------+---------------------+


+-------------------------------------------------------------------------------------------------------------------------------+
; Flow Non-Default Global Settings                                                                                              ;
+-------------------------------------+---------------------------------------+------------------+-------------+----------------+
; Assignment Name                     ; Value                                 ; Default Value    ; Entity Name ; Section Id     ;
+-------------------------------------+---------------------------------------+------------------+-------------+----------------+
; COMPILER_SIGNATURE_ID               ; 189607924814608.143262983502952       ; --               ; --          ; --             ;
; EDA_OUTPUT_DATA_FORMAT              ; Vhdl                                  ; --               ; --          ; eda_simulation ;
; EDA_SIMULATION_TOOL                 ; ModelSim-Altera (VHDL)                ; <None>           ; --          ; --             ;
; MAX_CORE_JUNCTION_TEMP              ; 85                                    ; --               ; --          ; --             ;
; MIN_CORE_JUNCTION_TEMP              ; 0                                     ; --               ; --          ; --             ;
; NOMINAL_CORE_SUPPLY_VOLTAGE         ; 1.2V                                  ; --               ; --          ; --             ;
; PARTITION_COLOR                     ; 16764057                              ; --               ; MasterMind  ; Top            ;
; PARTITION_FITTER_PRESERVATION_LEVEL ; PLACEMENT_AND_ROUTING                 ; --               ; MasterMind  ; Top            ;
; PARTITION_NETLIST_TYPE              ; SOURCE                                ; --               ; MasterMind  ; Top            ;
; POWER_BOARD_THERMAL_MODEL           ; None (CONSERVATIVE)                   ; --               ; --          ; --             ;
; POWER_PRESET_COOLING_SOLUTION       ; 23 MM HEAT SINK WITH 200 LFPM AIRFLOW ; --               ; --          ; --             ;
; PROJECT_OUTPUT_DIRECTORY            ; output_files                          ; --               ; --          ; --             ;
; TOP_LEVEL_ENTITY                    ; MasterMind                            ; MasterMind_final ; --          ; --             ;
+-------------------------------------+---------------------------------------+------------------+-------------+----------------+


+-------------------------------------------------------------------------------------------------------------------------------+
; Flow Elapsed Time                                                                                                             ;
+---------------------------+--------------+-------------------------+---------------------+------------------------------------+
; Module Name               ; Elapsed Time ; Average Processors Used ; Peak Virtual Memory ; Total CPU Time (on all processors) ;
+---------------------------+--------------+-------------------------+---------------------+------------------------------------+
; Analysis & Synthesis      ; 00:00:21     ; 1.0                     ; 697 MB              ; 00:00:44                           ;
; Fitter                    ; 00:00:38     ; 1.7                     ; 1566 MB             ; 00:00:51                           ;
; Assembler                 ; 00:00:07     ; 1.0                     ; 582 MB              ; 00:00:06                           ;
; TimeQuest Timing Analyzer ; 00:00:05     ; 1.0                     ; 752 MB              ; 00:00:05                           ;
; EDA Netlist Writer        ; 00:00:02     ; 1.0                     ; 562 MB              ; 00:00:02                           ;
; Total                     ; 00:01:13     ; --                      ; --                  ; 00:01:48                           ;
+---------------------------+--------------+-------------------------+---------------------+------------------------------------+


+----------------------------------------------------------------------------------------+
; Flow OS Summary                                                                        ;
+---------------------------+------------------+-----------+------------+----------------+
; Module Name               ; Machine Hostname ; OS Name   ; OS Version ; Processor type ;
+---------------------------+------------------+-----------+------------+----------------+
; Analysis & Synthesis      ; DiogoFerreira    ; Windows 7 ; 6.2        ; x86_64         ;
; Fitter                    ; DiogoFerreira    ; Windows 7 ; 6.2        ; x86_64         ;
; Assembler                 ; DiogoFerreira    ; Windows 7 ; 6.2        ; x86_64         ;
; TimeQuest Timing Analyzer ; DiogoFerreira    ; Windows 7 ; 6.2        ; x86_64         ;
; EDA Netlist Writer        ; DiogoFerreira    ; Windows 7 ; 6.2        ; x86_64         ;
+---------------------------+------------------+-----------+------------+----------------+


------------
; Flow Log ;
------------
quartus_map --read_settings_files=on --write_settings_files=off MasterMind_final -c MasterMind_final
quartus_fit --read_settings_files=off --write_settings_files=off MasterMind_final -c MasterMind_final
quartus_asm --read_settings_files=off --write_settings_files=off MasterMind_final -c MasterMind_final
quartus_sta MasterMind_final -c MasterMind_final
quartus_eda --read_settings_files=off --write_settings_files=off MasterMind_final -c MasterMind_final



